<?xml version="1.0" encoding="UTF-8"?>
<!-- Generated by org.testng.reporters.JUnitReportReporter -->
<testsuite skipped="0" hostname="Karthik-PC" name="Test_class.CartTest" tests="1" failures="0" timestamp="2019-11-07T17:32:04 GMT" time="35.940" errors="0">
  <testcase name="add_items_to_cart" time="35.940" classname="Test_class.CartTest"/>
</testsuite> <!-- Test_class.CartTest -->
