<?xml version="1.0" encoding="UTF-8"?>
<!-- Generated by org.testng.reporters.JUnitReportReporter -->
<testsuite skipped="0" hostname="Karthik-PC" name="Test_class.CartTest" tests="1" failures="0" timestamp="2019-12-09T16:56:09 GMT" time="36.818" errors="0">
  <testcase name="add_items_to_cart" time="36.818" classname="Test_class.CartTest"/>
</testsuite> <!-- Test_class.CartTest -->
