<?xml version="1.0" encoding="UTF-8"?>
<!-- Generated by org.testng.reporters.JUnitReportReporter -->
<testsuite skipped="0" hostname="Karthik-PC" name="Test_class.Registration" tests="1" failures="0" timestamp="2019-11-07T08:53:30 GMT" time="44.584" errors="0">
  <testcase name="user_register" time="44.584" classname="Test_class.Registration"/>
</testsuite> <!-- Test_class.Registration -->
