<?xml version="1.0" encoding="UTF-8"?>
<!-- Generated by org.testng.reporters.JUnitReportReporter -->
<testsuite skipped="0" hostname="Karthik-PC" name="Test_class.LoginTest" tests="1" failures="0" timestamp="2019-11-07T09:18:56 GMT" time="13.312" errors="0">
  <testcase name="user_register" time="13.312" classname="Test_class.LoginTest"/>
</testsuite> <!-- Test_class.LoginTest -->
